<?xml version="1.0" encoding="UTF-8"?>
<testsuite xmlns:xsi="http://www.w3.org/2001/XMLSchema-instance" xsi:noNamespaceSchemaLocation="https://maven.apache.org/surefire/maven-surefire-plugin/xsd/surefire-test-report.xsd" name="functional.junit.RegistrationTests" time="4.829" tests="2" errors="0" skipped="0" failures="0">
  <properties>
    <property name="sun.desktop" value="windows"/>
    <property name="awt.toolkit" value="sun.awt.windows.WToolkit"/>
    <property name="file.encoding.pkg" value="sun.io"/>
    <property name="java.specification.version" value="1.8"/>
    <property name="sun.cpu.isalist" value="pentium_pro+mmx pentium_pro pentium+mmx pentium i486 i386 i86"/>
    <property name="sun.jnu.encoding" value="Cp1252"/>
    <property name="java.class.path" value="C:\work\TFS\SpringBootMicroServices.zip_expanded\SpringBootMicroServices\target\test-classes;C:\work\TFS\SpringBootMicroServices.zip_expanded\SpringBootMicroServices\target\classes;C:\Users\kth416\.m2\repository\org\springframework\boot\spring-boot-starter-web\2.0.4.RELEASE\spring-boot-starter-web-2.0.4.RELEASE.jar;C:\Users\kth416\.m2\repository\org\springframework\boot\spring-boot-starter\2.0.4.RELEASE\spring-boot-starter-2.0.4.RELEASE.jar;C:\Users\kth416\.m2\repository\org\springframework\boot\spring-boot-starter-logging\2.0.4.RELEASE\spring-boot-starter-logging-2.0.4.RELEASE.jar;C:\Users\kth416\.m2\repository\ch\qos\logback\logback-classic\1.2.3\logback-classic-1.2.3.jar;C:\Users\kth416\.m2\repository\ch\qos\logback\logback-core\1.2.3\logback-core-1.2.3.jar;C:\Users\kth416\.m2\repository\org\apache\logging\log4j\log4j-to-slf4j\2.10.0\log4j-to-slf4j-2.10.0.jar;C:\Users\kth416\.m2\repository\org\apache\logging\log4j\log4j-api\2.10.0\log4j-api-2.10.0.jar;C:\Users\kth416\.m2\repository\org\slf4j\jul-to-slf4j\1.7.25\jul-to-slf4j-1.7.25.jar;C:\Users\kth416\.m2\repository\javax\annotation\javax.annotation-api\1.3.2\javax.annotation-api-1.3.2.jar;C:\Users\kth416\.m2\repository\org\yaml\snakeyaml\1.19\snakeyaml-1.19.jar;C:\Users\kth416\.m2\repository\org\springframework\boot\spring-boot-starter-json\2.0.4.RELEASE\spring-boot-starter-json-2.0.4.RELEASE.jar;C:\Users\kth416\.m2\repository\com\fasterxml\jackson\datatype\jackson-datatype-jdk8\2.9.6\jackson-datatype-jdk8-2.9.6.jar;C:\Users\kth416\.m2\repository\com\fasterxml\jackson\module\jackson-module-parameter-names\2.9.6\jackson-module-parameter-names-2.9.6.jar;C:\Users\kth416\.m2\repository\org\springframework\boot\spring-boot-starter-tomcat\2.0.4.RELEASE\spring-boot-starter-tomcat-2.0.4.RELEASE.jar;C:\Users\kth416\.m2\repository\org\apache\tomcat\embed\tomcat-embed-core\8.5.32\tomcat-embed-core-8.5.32.jar;C:\Users\kth416\.m2\repository\org\apache\tomcat\embed\tomcat-embed-el\8.5.32\tomcat-embed-el-8.5.32.jar;C:\Users\kth416\.m2\repository\org\apache\tomcat\embed\tomcat-embed-websocket\8.5.32\tomcat-embed-websocket-8.5.32.jar;C:\Users\kth416\.m2\repository\org\hibernate\validator\hibernate-validator\6.0.11.Final\hibernate-validator-6.0.11.Final.jar;C:\Users\kth416\.m2\repository\javax\validation\validation-api\2.0.1.Final\validation-api-2.0.1.Final.jar;C:\Users\kth416\.m2\repository\org\springframework\spring-web\5.0.8.RELEASE\spring-web-5.0.8.RELEASE.jar;C:\Users\kth416\.m2\repository\org\springframework\spring-beans\5.0.8.RELEASE\spring-beans-5.0.8.RELEASE.jar;C:\Users\kth416\.m2\repository\org\springframework\spring-webmvc\5.0.8.RELEASE\spring-webmvc-5.0.8.RELEASE.jar;C:\Users\kth416\.m2\repository\org\springframework\spring-aop\5.0.8.RELEASE\spring-aop-5.0.8.RELEASE.jar;C:\Users\kth416\.m2\repository\org\springframework\spring-context\5.0.8.RELEASE\spring-context-5.0.8.RELEASE.jar;C:\Users\kth416\.m2\repository\org\springframework\spring-expression\5.0.8.RELEASE\spring-expression-5.0.8.RELEASE.jar;C:\Users\kth416\.m2\repository\org\springframework\boot\spring-boot-devtools\2.0.4.RELEASE\spring-boot-devtools-2.0.4.RELEASE.jar;C:\Users\kth416\.m2\repository\org\springframework\boot\spring-boot\2.0.4.RELEASE\spring-boot-2.0.4.RELEASE.jar;C:\Users\kth416\.m2\repository\org\springframework\boot\spring-boot-autoconfigure\2.0.4.RELEASE\spring-boot-autoconfigure-2.0.4.RELEASE.jar;C:\Users\kth416\.m2\repository\org\springframework\boot\spring-boot-starter-actuator\2.0.4.RELEASE\spring-boot-starter-actuator-2.0.4.RELEASE.jar;C:\Users\kth416\.m2\repository\org\springframework\boot\spring-boot-actuator-autoconfigure\2.0.4.RELEASE\spring-boot-actuator-autoconfigure-2.0.4.RELEASE.jar;C:\Users\kth416\.m2\repository\org\springframework\boot\spring-boot-actuator\2.0.4.RELEASE\spring-boot-actuator-2.0.4.RELEASE.jar;C:\Users\kth416\.m2\repository\io\micrometer\micrometer-core\1.0.6\micrometer-core-1.0.6.jar;C:\Users\kth416\.m2\repository\org\hdrhistogram\HdrHistogram\2.1.10\HdrHistogram-2.1.10.jar;C:\Users\kth416\.m2\repository\org\latencyutils\LatencyUtils\2.0.3\LatencyUtils-2.0.3.jar;C:\Users\kth416\.m2\repository\org\springframework\boot\spring-boot-starter-test\2.0.4.RELEASE\spring-boot-starter-test-2.0.4.RELEASE.jar;C:\Users\kth416\.m2\repository\org\springframework\boot\spring-boot-test\2.0.4.RELEASE\spring-boot-test-2.0.4.RELEASE.jar;C:\Users\kth416\.m2\repository\org\springframework\boot\spring-boot-test-autoconfigure\2.0.4.RELEASE\spring-boot-test-autoconfigure-2.0.4.RELEASE.jar;C:\Users\kth416\.m2\repository\com\jayway\jsonpath\json-path\2.4.0\json-path-2.4.0.jar;C:\Users\kth416\.m2\repository\net\minidev\json-smart\2.3\json-smart-2.3.jar;C:\Users\kth416\.m2\repository\net\minidev\accessors-smart\1.2\accessors-smart-1.2.jar;C:\Users\kth416\.m2\repository\org\ow2\asm\asm\5.0.4\asm-5.0.4.jar;C:\Users\kth416\.m2\repository\junit\junit\4.12\junit-4.12.jar;C:\Users\kth416\.m2\repository\org\assertj\assertj-core\3.9.1\assertj-core-3.9.1.jar;C:\Users\kth416\.m2\repository\org\mockito\mockito-core\2.15.0\mockito-core-2.15.0.jar;C:\Users\kth416\.m2\repository\net\bytebuddy\byte-buddy\1.7.11\byte-buddy-1.7.11.jar;C:\Users\kth416\.m2\repository\net\bytebuddy\byte-buddy-agent\1.7.11\byte-buddy-agent-1.7.11.jar;C:\Users\kth416\.m2\repository\org\objenesis\objenesis\2.6\objenesis-2.6.jar;C:\Users\kth416\.m2\repository\org\hamcrest\hamcrest-core\1.3\hamcrest-core-1.3.jar;C:\Users\kth416\.m2\repository\org\hamcrest\hamcrest-library\1.3\hamcrest-library-1.3.jar;C:\Users\kth416\.m2\repository\org\skyscreamer\jsonassert\1.5.0\jsonassert-1.5.0.jar;C:\Users\kth416\.m2\repository\com\vaadin\external\google\android-json\0.0.20131108.vaadin1\android-json-0.0.20131108.vaadin1.jar;C:\Users\kth416\.m2\repository\org\springframework\spring-core\5.0.8.RELEASE\spring-core-5.0.8.RELEASE.jar;C:\Users\kth416\.m2\repository\org\springframework\spring-jcl\5.0.8.RELEASE\spring-jcl-5.0.8.RELEASE.jar;C:\Users\kth416\.m2\repository\org\springframework\spring-test\5.0.8.RELEASE\spring-test-5.0.8.RELEASE.jar;C:\Users\kth416\.m2\repository\org\xmlunit\xmlunit-core\2.5.1\xmlunit-core-2.5.1.jar;C:\Users\kth416\.m2\repository\com\fasterxml\jackson\core\jackson-databind\2.9.6\jackson-databind-2.9.6.jar;C:\Users\kth416\.m2\repository\com\fasterxml\jackson\core\jackson-annotations\2.9.0\jackson-annotations-2.9.0.jar;C:\Users\kth416\.m2\repository\com\fasterxml\jackson\core\jackson-core\2.9.6\jackson-core-2.9.6.jar;C:\Users\kth416\.m2\repository\com\fasterxml\jackson\datatype\jackson-datatype-jsr310\2.9.6\jackson-datatype-jsr310-2.9.6.jar;C:\Users\kth416\.m2\repository\io\springfox\springfox-swagger2\2.9.2\springfox-swagger2-2.9.2.jar;C:\Users\kth416\.m2\repository\io\swagger\swagger-annotations\1.5.20\swagger-annotations-1.5.20.jar;C:\Users\kth416\.m2\repository\io\swagger\swagger-models\1.5.20\swagger-models-1.5.20.jar;C:\Users\kth416\.m2\repository\io\springfox\springfox-spi\2.9.2\springfox-spi-2.9.2.jar;C:\Users\kth416\.m2\repository\io\springfox\springfox-core\2.9.2\springfox-core-2.9.2.jar;C:\Users\kth416\.m2\repository\io\springfox\springfox-schema\2.9.2\springfox-schema-2.9.2.jar;C:\Users\kth416\.m2\repository\io\springfox\springfox-swagger-common\2.9.2\springfox-swagger-common-2.9.2.jar;C:\Users\kth416\.m2\repository\io\springfox\springfox-spring-web\2.9.2\springfox-spring-web-2.9.2.jar;C:\Users\kth416\.m2\repository\com\google\guava\guava\20.0\guava-20.0.jar;C:\Users\kth416\.m2\repository\com\fasterxml\classmate\1.3.4\classmate-1.3.4.jar;C:\Users\kth416\.m2\repository\org\slf4j\slf4j-api\1.7.25\slf4j-api-1.7.25.jar;C:\Users\kth416\.m2\repository\org\springframework\plugin\spring-plugin-core\1.2.0.RELEASE\spring-plugin-core-1.2.0.RELEASE.jar;C:\Users\kth416\.m2\repository\org\springframework\plugin\spring-plugin-metadata\1.2.0.RELEASE\spring-plugin-metadata-1.2.0.RELEASE.jar;C:\Users\kth416\.m2\repository\org\mapstruct\mapstruct\1.2.0.Final\mapstruct-1.2.0.Final.jar;C:\Users\kth416\.m2\repository\io\springfox\springfox-swagger-ui\2.9.2\springfox-swagger-ui-2.9.2.jar;C:\Users\kth416\.m2\repository\org\apache\httpcomponents\httpclient\4.5.6\httpclient-4.5.6.jar;C:\Users\kth416\.m2\repository\org\apache\httpcomponents\httpcore\4.4.10\httpcore-4.4.10.jar;C:\Users\kth416\.m2\repository\commons-codec\commons-codec\1.11\commons-codec-1.11.jar;C:\Users\kth416\.m2\repository\org\springframework\boot\spring-boot-starter-data-jpa\2.0.4.RELEASE\spring-boot-starter-data-jpa-2.0.4.RELEASE.jar;C:\Users\kth416\.m2\repository\org\springframework\boot\spring-boot-starter-aop\2.0.4.RELEASE\spring-boot-starter-aop-2.0.4.RELEASE.jar;C:\Users\kth416\.m2\repository\org\aspectj\aspectjweaver\1.8.13\aspectjweaver-1.8.13.jar;C:\Users\kth416\.m2\repository\org\springframework\boot\spring-boot-starter-jdbc\2.0.4.RELEASE\spring-boot-starter-jdbc-2.0.4.RELEASE.jar;C:\Users\kth416\.m2\repository\org\springframework\spring-jdbc\5.0.8.RELEASE\spring-jdbc-5.0.8.RELEASE.jar;C:\Users\kth416\.m2\repository\javax\transaction\javax.transaction-api\1.2\javax.transaction-api-1.2.jar;C:\Users\kth416\.m2\repository\org\springframework\data\spring-data-jpa\2.0.9.RELEASE\spring-data-jpa-2.0.9.RELEASE.jar;C:\Users\kth416\.m2\repository\org\springframework\data\spring-data-commons\2.0.9.RELEASE\spring-data-commons-2.0.9.RELEASE.jar;C:\Users\kth416\.m2\repository\org\springframework\spring-orm\5.0.8.RELEASE\spring-orm-5.0.8.RELEASE.jar;C:\Users\kth416\.m2\repository\org\springframework\spring-tx\5.0.8.RELEASE\spring-tx-5.0.8.RELEASE.jar;C:\Users\kth416\.m2\repository\org\springframework\spring-aspects\5.0.8.RELEASE\spring-aspects-5.0.8.RELEASE.jar;C:\Users\kth416\.m2\repository\org\hibernate\javax\persistence\hibernate-jpa-2.1-api\1.0.2.Final\hibernate-jpa-2.1-api-1.0.2.Final.jar;C:\Users\kth416\.m2\repository\org\hibernate\hibernate-core\5.2.17.Final\hibernate-core-5.2.17.Final.jar;C:\Users\kth416\.m2\repository\org\jboss\logging\jboss-logging\3.3.2.Final\jboss-logging-3.3.2.Final.jar;C:\Users\kth416\.m2\repository\org\javassist\javassist\3.22.0-GA\javassist-3.22.0-GA.jar;C:\Users\kth416\.m2\repository\antlr\antlr\2.7.7\antlr-2.7.7.jar;C:\Users\kth416\.m2\repository\org\jboss\spec\javax\transaction\jboss-transaction-api_1.2_spec\1.0.1.Final\jboss-transaction-api_1.2_spec-1.0.1.Final.jar;C:\Users\kth416\.m2\repository\org\jboss\jandex\2.0.3.Final\jandex-2.0.3.Final.jar;C:\Users\kth416\.m2\repository\dom4j\dom4j\1.6.1\dom4j-1.6.1.jar;C:\Users\kth416\.m2\repository\org\hibernate\common\hibernate-commons-annotations\5.0.1.Final\hibernate-commons-annotations-5.0.1.Final.jar;C:\Users\kth416\.m2\repository\org\apache\tomcat\tomcat-jdbc\9.0.10\tomcat-jdbc-9.0.10.jar;C:\Users\kth416\.m2\repository\org\apache\tomcat\tomcat-juli\9.0.10\tomcat-juli-9.0.10.jar;C:\Users\kth416\.m2\repository\com\h2database\h2\1.4.197\h2-1.4.197.jar;C:\Users\kth416\.m2\repository\com\spotify\dockerfile-maven-plugin\1.4.10\dockerfile-maven-plugin-1.4.10.jar;C:\Users\kth416\.m2\repository\com\spotify\docker-client\8.14.3\docker-client-8.14.3-shaded.jar;C:\Users\kth416\.m2\repository\com\fasterxml\jackson\jaxrs\jackson-jaxrs-json-provider\2.9.6\jackson-jaxrs-json-provider-2.9.6.jar;C:\Users\kth416\.m2\repository\com\fasterxml\jackson\jaxrs\jackson-jaxrs-base\2.9.6\jackson-jaxrs-base-2.9.6.jar;C:\Users\kth416\.m2\repository\com\fasterxml\jackson\module\jackson-module-jaxb-annotations\2.9.6\jackson-module-jaxb-annotations-2.9.6.jar;C:\Users\kth416\.m2\repository\com\fasterxml\jackson\datatype\jackson-datatype-guava\2.9.6\jackson-datatype-guava-2.9.6.jar;C:\Users\kth416\.m2\repository\org\glassfish\jersey\core\jersey-client\2.26\jersey-client-2.26.jar;C:\Users\kth416\.m2\repository\javax\ws\rs\javax.ws.rs-api\2.1\javax.ws.rs-api-2.1.jar;C:\Users\kth416\.m2\repository\org\glassfish\jersey\core\jersey-common\2.26\jersey-common-2.26.jar;C:\Users\kth416\.m2\repository\org\glassfish\hk2\osgi-resource-locator\1.0.1\osgi-resource-locator-1.0.1.jar;C:\Users\kth416\.m2\repository\org\glassfish\hk2\external\javax.inject\2.5.0-b42\javax.inject-2.5.0-b42.jar;C:\Users\kth416\.m2\repository\org\glassfish\jersey\connectors\jersey-apache-connector\2.22.2\jersey-apache-connector-2.22.2.jar;C:\Users\kth416\.m2\repository\org\glassfish\jersey\media\jersey-media-json-jackson\2.26\jersey-media-json-jackson-2.26.jar;C:\Users\kth416\.m2\repository\org\glassfish\jersey\ext\jersey-entity-filtering\2.26\jersey-entity-filtering-2.26.jar;C:\Users\kth416\.m2\repository\javax\activation\activation\1.1\activation-1.1.jar;C:\Users\kth416\.m2\repository\org\apache\commons\commons-compress\1.18\commons-compress-1.18.jar;C:\Users\kth416\.m2\repository\commons-io\commons-io\2.5\commons-io-2.5.jar;C:\Users\kth416\.m2\repository\com\github\jnr\jnr-unixsocket\0.18\jnr-unixsocket-0.18.jar;C:\Users\kth416\.m2\repository\com\github\jnr\jnr-ffi\2.1.4\jnr-ffi-2.1.4.jar;C:\Users\kth416\.m2\repository\com\github\jnr\jffi\1.2.15\jffi-1.2.15.jar;C:\Users\kth416\.m2\repository\com\github\jnr\jffi\1.2.15\jffi-1.2.15-native.jar;C:\Users\kth416\.m2\repository\org\ow2\asm\asm-commons\5.0.3\asm-commons-5.0.3.jar;C:\Users\kth416\.m2\repository\org\ow2\asm\asm-analysis\5.0.3\asm-analysis-5.0.3.jar;C:\Users\kth416\.m2\repository\org\ow2\asm\asm-tree\5.0.3\asm-tree-5.0.3.jar;C:\Users\kth416\.m2\repository\org\ow2\asm\asm-util\5.0.3\asm-util-5.0.3.jar;C:\Users\kth416\.m2\repository\com\github\jnr\jnr-x86asm\1.0.2\jnr-x86asm-1.0.2.jar;C:\Users\kth416\.m2\repository\com\github\jnr\jnr-constants\0.9.8\jnr-constants-0.9.8.jar;C:\Users\kth416\.m2\repository\com\github\jnr\jnr-enxio\0.16\jnr-enxio-0.16.jar;C:\Users\kth416\.m2\repository\com\github\jnr\jnr-posix\3.0.35\jnr-posix-3.0.35.jar;C:\Users\kth416\.m2\repository\commons-lang\commons-lang\2.6\commons-lang-2.6.jar;C:\Users\kth416\.m2\repository\org\bouncycastle\bcpkix-jdk15on\1.59\bcpkix-jdk15on-1.59.jar;C:\Users\kth416\.m2\repository\org\bouncycastle\bcprov-jdk15on\1.59\bcprov-jdk15on-1.59.jar;C:\Users\kth416\.m2\repository\com\google\auth\google-auth-library-oauth2-http\0.6.0\google-auth-library-oauth2-http-0.6.0.jar;C:\Users\kth416\.m2\repository\com\google\auth\google-auth-library-credentials\0.6.0\google-auth-library-credentials-0.6.0.jar;C:\Users\kth416\.m2\repository\com\google\http-client\google-http-client\1.19.0\google-http-client-1.19.0.jar;C:\Users\kth416\.m2\repository\com\google\code\findbugs\jsr305\1.3.9\jsr305-1.3.9.jar;C:\Users\kth416\.m2\repository\com\google\http-client\google-http-client-jackson2\1.19.0\google-http-client-jackson2-1.19.0.jar;C:\Users\kth416\.m2\repository\com\spotify\dockerfile-maven-extension\1.4.10\dockerfile-maven-extension-1.4.10.jar;C:\Users\kth416\.m2\repository\org\apache\maven\maven-plugin-api\3.5.4\maven-plugin-api-3.5.4.jar;C:\Users\kth416\.m2\repository\org\apache\maven\maven-model\3.5.4\maven-model-3.5.4.jar;C:\Users\kth416\.m2\repository\org\apache\maven\maven-artifact\3.5.4\maven-artifact-3.5.4.jar;C:\Users\kth416\.m2\repository\org\eclipse\sisu\org.eclipse.sisu.plexus\0.3.3\org.eclipse.sisu.plexus-0.3.3.jar;C:\Users\kth416\.m2\repository\javax\enterprise\cdi-api\1.0\cdi-api-1.0.jar;C:\Users\kth416\.m2\repository\javax\annotation\jsr250-api\1.0\jsr250-api-1.0.jar;C:\Users\kth416\.m2\repository\org\codehaus\plexus\plexus-utils\3.1.0\plexus-utils-3.1.0.jar;C:\Users\kth416\.m2\repository\org\codehaus\plexus\plexus-classworlds\2.5.2\plexus-classworlds-2.5.2.jar;C:\Users\kth416\.m2\repository\org\apache\maven\maven-core\3.5.4\maven-core-3.5.4.jar;C:\Users\kth416\.m2\repository\org\apache\maven\maven-settings\3.5.4\maven-settings-3.5.4.jar;C:\Users\kth416\.m2\repository\org\apache\maven\maven-settings-builder\3.5.4\maven-settings-builder-3.5.4.jar;C:\Users\kth416\.m2\repository\org\apache\maven\maven-builder-support\3.5.4\maven-builder-support-3.5.4.jar;C:\Users\kth416\.m2\repository\org\apache\maven\maven-repository-metadata\3.5.4\maven-repository-metadata-3.5.4.jar;C:\Users\kth416\.m2\repository\org\apache\maven\maven-model-builder\3.5.4\maven-model-builder-3.5.4.jar;C:\Users\kth416\.m2\repository\org\apache\maven\maven-resolver-provider\3.5.4\maven-resolver-provider-3.5.4.jar;C:\Users\kth416\.m2\repository\org\apache\maven\resolver\maven-resolver-impl\1.1.1\maven-resolver-impl-1.1.1.jar;C:\Users\kth416\.m2\repository\org\apache\maven\resolver\maven-resolver-api\1.1.1\maven-resolver-api-1.1.1.jar;C:\Users\kth416\.m2\repository\org\apache\maven\resolver\maven-resolver-spi\1.1.1\maven-resolver-spi-1.1.1.jar;C:\Users\kth416\.m2\repository\org\apache\maven\resolver\maven-resolver-util\1.1.1\maven-resolver-util-1.1.1.jar;C:\Users\kth416\.m2\repository\org\apache\maven\shared\maven-shared-utils\3.2.1\maven-shared-utils-3.2.1.jar;C:\Users\kth416\.m2\repository\org\eclipse\sisu\org.eclipse.sisu.inject\0.3.3\org.eclipse.sisu.inject-0.3.3.jar;C:\Users\kth416\.m2\repository\com\google\inject\guice\4.2.0\guice-4.2.0-no_aop.jar;C:\Users\kth416\.m2\repository\aopalliance\aopalliance\1.0\aopalliance-1.0.jar;C:\Users\kth416\.m2\repository\javax\inject\javax.inject\1\javax.inject-1.jar;C:\Users\kth416\.m2\repository\org\codehaus\plexus\plexus-component-annotations\1.7.1\plexus-component-annotations-1.7.1.jar;C:\Users\kth416\.m2\repository\org\apache\commons\commons-lang3\3.7\commons-lang3-3.7.jar;C:\Users\kth416\.m2\repository\org\apache\maven\maven-archiver\3.2.0\maven-archiver-3.2.0.jar;C:\Users\kth416\.m2\repository\org\codehaus\plexus\plexus-archiver\3.5\plexus-archiver-3.5.jar;C:\Users\kth416\.m2\repository\org\codehaus\plexus\plexus-io\3.0.0\plexus-io-3.0.0.jar;C:\Users\kth416\.m2\repository\org\iq80\snappy\snappy\0.4\snappy-0.4.jar;C:\Users\kth416\.m2\repository\org\tukaani\xz\1.6\xz-1.6.jar;C:\Users\kth416\.m2\repository\org\codehaus\plexus\plexus-interpolation\1.22\plexus-interpolation-1.22.jar;C:\Users\kth416\.m2\repository\org\sonatype\plexus\plexus-sec-dispatcher\1.4\plexus-sec-dispatcher-1.4.jar;C:\Users\kth416\.m2\repository\org\sonatype\plexus\plexus-cipher\1.4\plexus-cipher-1.4.jar;C:\Users\kth416\.m2\repository\com\google\code\gson\gson\2.8.5\gson-2.8.5.jar;"/>
    <property name="java.vm.vendor" value="Oracle Corporation"/>
    <property name="sun.arch.data.model" value="32"/>
    <property name="user.variant" value=""/>
    <property name="java.vendor.url" value="http://java.oracle.com/"/>
    <property name="user.timezone" value=""/>
    <property name="java.vm.specification.version" value="1.8"/>
    <property name="os.name" value="Windows 10"/>
    <property name="user.country" value="US"/>
    <property name="sun.java.launcher" value="SUN_STANDARD"/>
    <property name="sun.boot.library.path" value="C:\Program Files (x86)\Java\jdk1.8.0_191\jre\bin"/>
    <property name="sun.java.command" value="C:\Users\kth416\AppData\Local\Temp\surefire2747097442386017430\surefirebooter9150051024916103645.jar C:\Users\kth416\AppData\Local\Temp\surefire2747097442386017430 2019-05-16T15-12-32_834-jvmRun1 surefire7653995125843094175tmp surefire_08777409093720589805tmp"/>
    <property name="surefire.test.class.path" value="C:\work\TFS\SpringBootMicroServices.zip_expanded\SpringBootMicroServices\target\test-classes;C:\work\TFS\SpringBootMicroServices.zip_expanded\SpringBootMicroServices\target\classes;C:\Users\kth416\.m2\repository\org\springframework\boot\spring-boot-starter-web\2.0.4.RELEASE\spring-boot-starter-web-2.0.4.RELEASE.jar;C:\Users\kth416\.m2\repository\org\springframework\boot\spring-boot-starter\2.0.4.RELEASE\spring-boot-starter-2.0.4.RELEASE.jar;C:\Users\kth416\.m2\repository\org\springframework\boot\spring-boot-starter-logging\2.0.4.RELEASE\spring-boot-starter-logging-2.0.4.RELEASE.jar;C:\Users\kth416\.m2\repository\ch\qos\logback\logback-classic\1.2.3\logback-classic-1.2.3.jar;C:\Users\kth416\.m2\repository\ch\qos\logback\logback-core\1.2.3\logback-core-1.2.3.jar;C:\Users\kth416\.m2\repository\org\apache\logging\log4j\log4j-to-slf4j\2.10.0\log4j-to-slf4j-2.10.0.jar;C:\Users\kth416\.m2\repository\org\apache\logging\log4j\log4j-api\2.10.0\log4j-api-2.10.0.jar;C:\Users\kth416\.m2\repository\org\slf4j\jul-to-slf4j\1.7.25\jul-to-slf4j-1.7.25.jar;C:\Users\kth416\.m2\repository\javax\annotation\javax.annotation-api\1.3.2\javax.annotation-api-1.3.2.jar;C:\Users\kth416\.m2\repository\org\yaml\snakeyaml\1.19\snakeyaml-1.19.jar;C:\Users\kth416\.m2\repository\org\springframework\boot\spring-boot-starter-json\2.0.4.RELEASE\spring-boot-starter-json-2.0.4.RELEASE.jar;C:\Users\kth416\.m2\repository\com\fasterxml\jackson\datatype\jackson-datatype-jdk8\2.9.6\jackson-datatype-jdk8-2.9.6.jar;C:\Users\kth416\.m2\repository\com\fasterxml\jackson\module\jackson-module-parameter-names\2.9.6\jackson-module-parameter-names-2.9.6.jar;C:\Users\kth416\.m2\repository\org\springframework\boot\spring-boot-starter-tomcat\2.0.4.RELEASE\spring-boot-starter-tomcat-2.0.4.RELEASE.jar;C:\Users\kth416\.m2\repository\org\apache\tomcat\embed\tomcat-embed-core\8.5.32\tomcat-embed-core-8.5.32.jar;C:\Users\kth416\.m2\repository\org\apache\tomcat\embed\tomcat-embed-el\8.5.32\tomcat-embed-el-8.5.32.jar;C:\Users\kth416\.m2\repository\org\apache\tomcat\embed\tomcat-embed-websocket\8.5.32\tomcat-embed-websocket-8.5.32.jar;C:\Users\kth416\.m2\repository\org\hibernate\validator\hibernate-validator\6.0.11.Final\hibernate-validator-6.0.11.Final.jar;C:\Users\kth416\.m2\repository\javax\validation\validation-api\2.0.1.Final\validation-api-2.0.1.Final.jar;C:\Users\kth416\.m2\repository\org\springframework\spring-web\5.0.8.RELEASE\spring-web-5.0.8.RELEASE.jar;C:\Users\kth416\.m2\repository\org\springframework\spring-beans\5.0.8.RELEASE\spring-beans-5.0.8.RELEASE.jar;C:\Users\kth416\.m2\repository\org\springframework\spring-webmvc\5.0.8.RELEASE\spring-webmvc-5.0.8.RELEASE.jar;C:\Users\kth416\.m2\repository\org\springframework\spring-aop\5.0.8.RELEASE\spring-aop-5.0.8.RELEASE.jar;C:\Users\kth416\.m2\repository\org\springframework\spring-context\5.0.8.RELEASE\spring-context-5.0.8.RELEASE.jar;C:\Users\kth416\.m2\repository\org\springframework\spring-expression\5.0.8.RELEASE\spring-expression-5.0.8.RELEASE.jar;C:\Users\kth416\.m2\repository\org\springframework\boot\spring-boot-devtools\2.0.4.RELEASE\spring-boot-devtools-2.0.4.RELEASE.jar;C:\Users\kth416\.m2\repository\org\springframework\boot\spring-boot\2.0.4.RELEASE\spring-boot-2.0.4.RELEASE.jar;C:\Users\kth416\.m2\repository\org\springframework\boot\spring-boot-autoconfigure\2.0.4.RELEASE\spring-boot-autoconfigure-2.0.4.RELEASE.jar;C:\Users\kth416\.m2\repository\org\springframework\boot\spring-boot-starter-actuator\2.0.4.RELEASE\spring-boot-starter-actuator-2.0.4.RELEASE.jar;C:\Users\kth416\.m2\repository\org\springframework\boot\spring-boot-actuator-autoconfigure\2.0.4.RELEASE\spring-boot-actuator-autoconfigure-2.0.4.RELEASE.jar;C:\Users\kth416\.m2\repository\org\springframework\boot\spring-boot-actuator\2.0.4.RELEASE\spring-boot-actuator-2.0.4.RELEASE.jar;C:\Users\kth416\.m2\repository\io\micrometer\micrometer-core\1.0.6\micrometer-core-1.0.6.jar;C:\Users\kth416\.m2\repository\org\hdrhistogram\HdrHistogram\2.1.10\HdrHistogram-2.1.10.jar;C:\Users\kth416\.m2\repository\org\latencyutils\LatencyUtils\2.0.3\LatencyUtils-2.0.3.jar;C:\Users\kth416\.m2\repository\org\springframework\boot\spring-boot-starter-test\2.0.4.RELEASE\spring-boot-starter-test-2.0.4.RELEASE.jar;C:\Users\kth416\.m2\repository\org\springframework\boot\spring-boot-test\2.0.4.RELEASE\spring-boot-test-2.0.4.RELEASE.jar;C:\Users\kth416\.m2\repository\org\springframework\boot\spring-boot-test-autoconfigure\2.0.4.RELEASE\spring-boot-test-autoconfigure-2.0.4.RELEASE.jar;C:\Users\kth416\.m2\repository\com\jayway\jsonpath\json-path\2.4.0\json-path-2.4.0.jar;C:\Users\kth416\.m2\repository\net\minidev\json-smart\2.3\json-smart-2.3.jar;C:\Users\kth416\.m2\repository\net\minidev\accessors-smart\1.2\accessors-smart-1.2.jar;C:\Users\kth416\.m2\repository\org\ow2\asm\asm\5.0.4\asm-5.0.4.jar;C:\Users\kth416\.m2\repository\junit\junit\4.12\junit-4.12.jar;C:\Users\kth416\.m2\repository\org\assertj\assertj-core\3.9.1\assertj-core-3.9.1.jar;C:\Users\kth416\.m2\repository\org\mockito\mockito-core\2.15.0\mockito-core-2.15.0.jar;C:\Users\kth416\.m2\repository\net\bytebuddy\byte-buddy\1.7.11\byte-buddy-1.7.11.jar;C:\Users\kth416\.m2\repository\net\bytebuddy\byte-buddy-agent\1.7.11\byte-buddy-agent-1.7.11.jar;C:\Users\kth416\.m2\repository\org\objenesis\objenesis\2.6\objenesis-2.6.jar;C:\Users\kth416\.m2\repository\org\hamcrest\hamcrest-core\1.3\hamcrest-core-1.3.jar;C:\Users\kth416\.m2\repository\org\hamcrest\hamcrest-library\1.3\hamcrest-library-1.3.jar;C:\Users\kth416\.m2\repository\org\skyscreamer\jsonassert\1.5.0\jsonassert-1.5.0.jar;C:\Users\kth416\.m2\repository\com\vaadin\external\google\android-json\0.0.20131108.vaadin1\android-json-0.0.20131108.vaadin1.jar;C:\Users\kth416\.m2\repository\org\springframework\spring-core\5.0.8.RELEASE\spring-core-5.0.8.RELEASE.jar;C:\Users\kth416\.m2\repository\org\springframework\spring-jcl\5.0.8.RELEASE\spring-jcl-5.0.8.RELEASE.jar;C:\Users\kth416\.m2\repository\org\springframework\spring-test\5.0.8.RELEASE\spring-test-5.0.8.RELEASE.jar;C:\Users\kth416\.m2\repository\org\xmlunit\xmlunit-core\2.5.1\xmlunit-core-2.5.1.jar;C:\Users\kth416\.m2\repository\com\fasterxml\jackson\core\jackson-databind\2.9.6\jackson-databind-2.9.6.jar;C:\Users\kth416\.m2\repository\com\fasterxml\jackson\core\jackson-annotations\2.9.0\jackson-annotations-2.9.0.jar;C:\Users\kth416\.m2\repository\com\fasterxml\jackson\core\jackson-core\2.9.6\jackson-core-2.9.6.jar;C:\Users\kth416\.m2\repository\com\fasterxml\jackson\datatype\jackson-datatype-jsr310\2.9.6\jackson-datatype-jsr310-2.9.6.jar;C:\Users\kth416\.m2\repository\io\springfox\springfox-swagger2\2.9.2\springfox-swagger2-2.9.2.jar;C:\Users\kth416\.m2\repository\io\swagger\swagger-annotations\1.5.20\swagger-annotations-1.5.20.jar;C:\Users\kth416\.m2\repository\io\swagger\swagger-models\1.5.20\swagger-models-1.5.20.jar;C:\Users\kth416\.m2\repository\io\springfox\springfox-spi\2.9.2\springfox-spi-2.9.2.jar;C:\Users\kth416\.m2\repository\io\springfox\springfox-core\2.9.2\springfox-core-2.9.2.jar;C:\Users\kth416\.m2\repository\io\springfox\springfox-schema\2.9.2\springfox-schema-2.9.2.jar;C:\Users\kth416\.m2\repository\io\springfox\springfox-swagger-common\2.9.2\springfox-swagger-common-2.9.2.jar;C:\Users\kth416\.m2\repository\io\springfox\springfox-spring-web\2.9.2\springfox-spring-web-2.9.2.jar;C:\Users\kth416\.m2\repository\com\google\guava\guava\20.0\guava-20.0.jar;C:\Users\kth416\.m2\repository\com\fasterxml\classmate\1.3.4\classmate-1.3.4.jar;C:\Users\kth416\.m2\repository\org\slf4j\slf4j-api\1.7.25\slf4j-api-1.7.25.jar;C:\Users\kth416\.m2\repository\org\springframework\plugin\spring-plugin-core\1.2.0.RELEASE\spring-plugin-core-1.2.0.RELEASE.jar;C:\Users\kth416\.m2\repository\org\springframework\plugin\spring-plugin-metadata\1.2.0.RELEASE\spring-plugin-metadata-1.2.0.RELEASE.jar;C:\Users\kth416\.m2\repository\org\mapstruct\mapstruct\1.2.0.Final\mapstruct-1.2.0.Final.jar;C:\Users\kth416\.m2\repository\io\springfox\springfox-swagger-ui\2.9.2\springfox-swagger-ui-2.9.2.jar;C:\Users\kth416\.m2\repository\org\apache\httpcomponents\httpclient\4.5.6\httpclient-4.5.6.jar;C:\Users\kth416\.m2\repository\org\apache\httpcomponents\httpcore\4.4.10\httpcore-4.4.10.jar;C:\Users\kth416\.m2\repository\commons-codec\commons-codec\1.11\commons-codec-1.11.jar;C:\Users\kth416\.m2\repository\org\springframework\boot\spring-boot-starter-data-jpa\2.0.4.RELEASE\spring-boot-starter-data-jpa-2.0.4.RELEASE.jar;C:\Users\kth416\.m2\repository\org\springframework\boot\spring-boot-starter-aop\2.0.4.RELEASE\spring-boot-starter-aop-2.0.4.RELEASE.jar;C:\Users\kth416\.m2\repository\org\aspectj\aspectjweaver\1.8.13\aspectjweaver-1.8.13.jar;C:\Users\kth416\.m2\repository\org\springframework\boot\spring-boot-starter-jdbc\2.0.4.RELEASE\spring-boot-starter-jdbc-2.0.4.RELEASE.jar;C:\Users\kth416\.m2\repository\org\springframework\spring-jdbc\5.0.8.RELEASE\spring-jdbc-5.0.8.RELEASE.jar;C:\Users\kth416\.m2\repository\javax\transaction\javax.transaction-api\1.2\javax.transaction-api-1.2.jar;C:\Users\kth416\.m2\repository\org\springframework\data\spring-data-jpa\2.0.9.RELEASE\spring-data-jpa-2.0.9.RELEASE.jar;C:\Users\kth416\.m2\repository\org\springframework\data\spring-data-commons\2.0.9.RELEASE\spring-data-commons-2.0.9.RELEASE.jar;C:\Users\kth416\.m2\repository\org\springframework\spring-orm\5.0.8.RELEASE\spring-orm-5.0.8.RELEASE.jar;C:\Users\kth416\.m2\repository\org\springframework\spring-tx\5.0.8.RELEASE\spring-tx-5.0.8.RELEASE.jar;C:\Users\kth416\.m2\repository\org\springframework\spring-aspects\5.0.8.RELEASE\spring-aspects-5.0.8.RELEASE.jar;C:\Users\kth416\.m2\repository\org\hibernate\javax\persistence\hibernate-jpa-2.1-api\1.0.2.Final\hibernate-jpa-2.1-api-1.0.2.Final.jar;C:\Users\kth416\.m2\repository\org\hibernate\hibernate-core\5.2.17.Final\hibernate-core-5.2.17.Final.jar;C:\Users\kth416\.m2\repository\org\jboss\logging\jboss-logging\3.3.2.Final\jboss-logging-3.3.2.Final.jar;C:\Users\kth416\.m2\repository\org\javassist\javassist\3.22.0-GA\javassist-3.22.0-GA.jar;C:\Users\kth416\.m2\repository\antlr\antlr\2.7.7\antlr-2.7.7.jar;C:\Users\kth416\.m2\repository\org\jboss\spec\javax\transaction\jboss-transaction-api_1.2_spec\1.0.1.Final\jboss-transaction-api_1.2_spec-1.0.1.Final.jar;C:\Users\kth416\.m2\repository\org\jboss\jandex\2.0.3.Final\jandex-2.0.3.Final.jar;C:\Users\kth416\.m2\repository\dom4j\dom4j\1.6.1\dom4j-1.6.1.jar;C:\Users\kth416\.m2\repository\org\hibernate\common\hibernate-commons-annotations\5.0.1.Final\hibernate-commons-annotations-5.0.1.Final.jar;C:\Users\kth416\.m2\repository\org\apache\tomcat\tomcat-jdbc\9.0.10\tomcat-jdbc-9.0.10.jar;C:\Users\kth416\.m2\repository\org\apache\tomcat\tomcat-juli\9.0.10\tomcat-juli-9.0.10.jar;C:\Users\kth416\.m2\repository\com\h2database\h2\1.4.197\h2-1.4.197.jar;C:\Users\kth416\.m2\repository\com\spotify\dockerfile-maven-plugin\1.4.10\dockerfile-maven-plugin-1.4.10.jar;C:\Users\kth416\.m2\repository\com\spotify\docker-client\8.14.3\docker-client-8.14.3-shaded.jar;C:\Users\kth416\.m2\repository\com\fasterxml\jackson\jaxrs\jackson-jaxrs-json-provider\2.9.6\jackson-jaxrs-json-provider-2.9.6.jar;C:\Users\kth416\.m2\repository\com\fasterxml\jackson\jaxrs\jackson-jaxrs-base\2.9.6\jackson-jaxrs-base-2.9.6.jar;C:\Users\kth416\.m2\repository\com\fasterxml\jackson\module\jackson-module-jaxb-annotations\2.9.6\jackson-module-jaxb-annotations-2.9.6.jar;C:\Users\kth416\.m2\repository\com\fasterxml\jackson\datatype\jackson-datatype-guava\2.9.6\jackson-datatype-guava-2.9.6.jar;C:\Users\kth416\.m2\repository\org\glassfish\jersey\core\jersey-client\2.26\jersey-client-2.26.jar;C:\Users\kth416\.m2\repository\javax\ws\rs\javax.ws.rs-api\2.1\javax.ws.rs-api-2.1.jar;C:\Users\kth416\.m2\repository\org\glassfish\jersey\core\jersey-common\2.26\jersey-common-2.26.jar;C:\Users\kth416\.m2\repository\org\glassfish\hk2\osgi-resource-locator\1.0.1\osgi-resource-locator-1.0.1.jar;C:\Users\kth416\.m2\repository\org\glassfish\hk2\external\javax.inject\2.5.0-b42\javax.inject-2.5.0-b42.jar;C:\Users\kth416\.m2\repository\org\glassfish\jersey\connectors\jersey-apache-connector\2.22.2\jersey-apache-connector-2.22.2.jar;C:\Users\kth416\.m2\repository\org\glassfish\jersey\media\jersey-media-json-jackson\2.26\jersey-media-json-jackson-2.26.jar;C:\Users\kth416\.m2\repository\org\glassfish\jersey\ext\jersey-entity-filtering\2.26\jersey-entity-filtering-2.26.jar;C:\Users\kth416\.m2\repository\javax\activation\activation\1.1\activation-1.1.jar;C:\Users\kth416\.m2\repository\org\apache\commons\commons-compress\1.18\commons-compress-1.18.jar;C:\Users\kth416\.m2\repository\commons-io\commons-io\2.5\commons-io-2.5.jar;C:\Users\kth416\.m2\repository\com\github\jnr\jnr-unixsocket\0.18\jnr-unixsocket-0.18.jar;C:\Users\kth416\.m2\repository\com\github\jnr\jnr-ffi\2.1.4\jnr-ffi-2.1.4.jar;C:\Users\kth416\.m2\repository\com\github\jnr\jffi\1.2.15\jffi-1.2.15.jar;C:\Users\kth416\.m2\repository\com\github\jnr\jffi\1.2.15\jffi-1.2.15-native.jar;C:\Users\kth416\.m2\repository\org\ow2\asm\asm-commons\5.0.3\asm-commons-5.0.3.jar;C:\Users\kth416\.m2\repository\org\ow2\asm\asm-analysis\5.0.3\asm-analysis-5.0.3.jar;C:\Users\kth416\.m2\repository\org\ow2\asm\asm-tree\5.0.3\asm-tree-5.0.3.jar;C:\Users\kth416\.m2\repository\org\ow2\asm\asm-util\5.0.3\asm-util-5.0.3.jar;C:\Users\kth416\.m2\repository\com\github\jnr\jnr-x86asm\1.0.2\jnr-x86asm-1.0.2.jar;C:\Users\kth416\.m2\repository\com\github\jnr\jnr-constants\0.9.8\jnr-constants-0.9.8.jar;C:\Users\kth416\.m2\repository\com\github\jnr\jnr-enxio\0.16\jnr-enxio-0.16.jar;C:\Users\kth416\.m2\repository\com\github\jnr\jnr-posix\3.0.35\jnr-posix-3.0.35.jar;C:\Users\kth416\.m2\repository\commons-lang\commons-lang\2.6\commons-lang-2.6.jar;C:\Users\kth416\.m2\repository\org\bouncycastle\bcpkix-jdk15on\1.59\bcpkix-jdk15on-1.59.jar;C:\Users\kth416\.m2\repository\org\bouncycastle\bcprov-jdk15on\1.59\bcprov-jdk15on-1.59.jar;C:\Users\kth416\.m2\repository\com\google\auth\google-auth-library-oauth2-http\0.6.0\google-auth-library-oauth2-http-0.6.0.jar;C:\Users\kth416\.m2\repository\com\google\auth\google-auth-library-credentials\0.6.0\google-auth-library-credentials-0.6.0.jar;C:\Users\kth416\.m2\repository\com\google\http-client\google-http-client\1.19.0\google-http-client-1.19.0.jar;C:\Users\kth416\.m2\repository\com\google\code\findbugs\jsr305\1.3.9\jsr305-1.3.9.jar;C:\Users\kth416\.m2\repository\com\google\http-client\google-http-client-jackson2\1.19.0\google-http-client-jackson2-1.19.0.jar;C:\Users\kth416\.m2\repository\com\spotify\dockerfile-maven-extension\1.4.10\dockerfile-maven-extension-1.4.10.jar;C:\Users\kth416\.m2\repository\org\apache\maven\maven-plugin-api\3.5.4\maven-plugin-api-3.5.4.jar;C:\Users\kth416\.m2\repository\org\apache\maven\maven-model\3.5.4\maven-model-3.5.4.jar;C:\Users\kth416\.m2\repository\org\apache\maven\maven-artifact\3.5.4\maven-artifact-3.5.4.jar;C:\Users\kth416\.m2\repository\org\eclipse\sisu\org.eclipse.sisu.plexus\0.3.3\org.eclipse.sisu.plexus-0.3.3.jar;C:\Users\kth416\.m2\repository\javax\enterprise\cdi-api\1.0\cdi-api-1.0.jar;C:\Users\kth416\.m2\repository\javax\annotation\jsr250-api\1.0\jsr250-api-1.0.jar;C:\Users\kth416\.m2\repository\org\codehaus\plexus\plexus-utils\3.1.0\plexus-utils-3.1.0.jar;C:\Users\kth416\.m2\repository\org\codehaus\plexus\plexus-classworlds\2.5.2\plexus-classworlds-2.5.2.jar;C:\Users\kth416\.m2\repository\org\apache\maven\maven-core\3.5.4\maven-core-3.5.4.jar;C:\Users\kth416\.m2\repository\org\apache\maven\maven-settings\3.5.4\maven-settings-3.5.4.jar;C:\Users\kth416\.m2\repository\org\apache\maven\maven-settings-builder\3.5.4\maven-settings-builder-3.5.4.jar;C:\Users\kth416\.m2\repository\org\apache\maven\maven-builder-support\3.5.4\maven-builder-support-3.5.4.jar;C:\Users\kth416\.m2\repository\org\apache\maven\maven-repository-metadata\3.5.4\maven-repository-metadata-3.5.4.jar;C:\Users\kth416\.m2\repository\org\apache\maven\maven-model-builder\3.5.4\maven-model-builder-3.5.4.jar;C:\Users\kth416\.m2\repository\org\apache\maven\maven-resolver-provider\3.5.4\maven-resolver-provider-3.5.4.jar;C:\Users\kth416\.m2\repository\org\apache\maven\resolver\maven-resolver-impl\1.1.1\maven-resolver-impl-1.1.1.jar;C:\Users\kth416\.m2\repository\org\apache\maven\resolver\maven-resolver-api\1.1.1\maven-resolver-api-1.1.1.jar;C:\Users\kth416\.m2\repository\org\apache\maven\resolver\maven-resolver-spi\1.1.1\maven-resolver-spi-1.1.1.jar;C:\Users\kth416\.m2\repository\org\apache\maven\resolver\maven-resolver-util\1.1.1\maven-resolver-util-1.1.1.jar;C:\Users\kth416\.m2\repository\org\apache\maven\shared\maven-shared-utils\3.2.1\maven-shared-utils-3.2.1.jar;C:\Users\kth416\.m2\repository\org\eclipse\sisu\org.eclipse.sisu.inject\0.3.3\org.eclipse.sisu.inject-0.3.3.jar;C:\Users\kth416\.m2\repository\com\google\inject\guice\4.2.0\guice-4.2.0-no_aop.jar;C:\Users\kth416\.m2\repository\aopalliance\aopalliance\1.0\aopalliance-1.0.jar;C:\Users\kth416\.m2\repository\javax\inject\javax.inject\1\javax.inject-1.jar;C:\Users\kth416\.m2\repository\org\codehaus\plexus\plexus-component-annotations\1.7.1\plexus-component-annotations-1.7.1.jar;C:\Users\kth416\.m2\repository\org\apache\commons\commons-lang3\3.7\commons-lang3-3.7.jar;C:\Users\kth416\.m2\repository\org\apache\maven\maven-archiver\3.2.0\maven-archiver-3.2.0.jar;C:\Users\kth416\.m2\repository\org\codehaus\plexus\plexus-archiver\3.5\plexus-archiver-3.5.jar;C:\Users\kth416\.m2\repository\org\codehaus\plexus\plexus-io\3.0.0\plexus-io-3.0.0.jar;C:\Users\kth416\.m2\repository\org\iq80\snappy\snappy\0.4\snappy-0.4.jar;C:\Users\kth416\.m2\repository\org\tukaani\xz\1.6\xz-1.6.jar;C:\Users\kth416\.m2\repository\org\codehaus\plexus\plexus-interpolation\1.22\plexus-interpolation-1.22.jar;C:\Users\kth416\.m2\repository\org\sonatype\plexus\plexus-sec-dispatcher\1.4\plexus-sec-dispatcher-1.4.jar;C:\Users\kth416\.m2\repository\org\sonatype\plexus\plexus-cipher\1.4\plexus-cipher-1.4.jar;C:\Users\kth416\.m2\repository\com\google\code\gson\gson\2.8.5\gson-2.8.5.jar;"/>
    <property name="sun.cpu.endian" value="little"/>
    <property name="user.home" value="C:\Users\kth416"/>
    <property name="user.language" value="en"/>
    <property name="java.specification.vendor" value="Oracle Corporation"/>
    <property name="java.home" value="C:\Program Files (x86)\Java\jdk1.8.0_191\jre"/>
    <property name="basedir" value="C:\work\TFS\SpringBootMicroServices.zip_expanded\SpringBootMicroServices"/>
    <property name="file.separator" value="\"/>
    <property name="line.separator" value="&#10;"/>
    <property name="java.vm.specification.vendor" value="Oracle Corporation"/>
    <property name="java.specification.name" value="Java Platform API Specification"/>
    <property name="java.awt.graphicsenv" value="sun.awt.Win32GraphicsEnvironment"/>
    <property name="surefire.real.class.path" value="C:\Users\kth416\AppData\Local\Temp\surefire2747097442386017430\surefirebooter9150051024916103645.jar"/>
    <property name="sun.boot.class.path" value="C:\Program Files (x86)\Java\jdk1.8.0_191\jre\lib\resources.jar;C:\Program Files (x86)\Java\jdk1.8.0_191\jre\lib\rt.jar;C:\Program Files (x86)\Java\jdk1.8.0_191\jre\lib\sunrsasign.jar;C:\Program Files (x86)\Java\jdk1.8.0_191\jre\lib\jsse.jar;C:\Program Files (x86)\Java\jdk1.8.0_191\jre\lib\jce.jar;C:\Program Files (x86)\Java\jdk1.8.0_191\jre\lib\charsets.jar;C:\Program Files (x86)\Java\jdk1.8.0_191\jre\lib\jfr.jar;C:\Program Files (x86)\Java\jdk1.8.0_191\jre\classes"/>
    <property name="user.script" value=""/>
    <property name="sun.management.compiler" value="HotSpot Client Compiler"/>
    <property name="java.runtime.version" value="1.8.0_191-b12"/>
    <property name="user.name" value="KTH416"/>
    <property name="path.separator" value=";"/>
    <property name="os.version" value="10.0"/>
    <property name="java.endorsed.dirs" value="C:\Program Files (x86)\Java\jdk1.8.0_191\jre\lib\endorsed"/>
    <property name="java.runtime.name" value="Java(TM) SE Runtime Environment"/>
    <property name="file.encoding" value="UTF-8"/>
    <property name="java.vm.name" value="Java HotSpot(TM) Client VM"/>
    <property name="localRepository" value="C:\Users\kth416\.m2\repository"/>
    <property name="java.vendor.url.bug" value="http://bugreport.sun.com/bugreport/"/>
    <property name="java.io.tmpdir" value="C:\Users\kth416\AppData\Local\Temp\"/>
    <property name="java.version" value="1.8.0_191"/>
    <property name="user.dir" value="C:\work\TFS\SpringBootMicroServices.zip_expanded\SpringBootMicroServices"/>
    <property name="os.arch" value="x86"/>
    <property name="java.vm.specification.name" value="Java Virtual Machine Specification"/>
    <property name="java.awt.printerjob" value="sun.awt.windows.WPrinterJob"/>
    <property name="sun.os.patch.level" value=""/>
    <property name="java.library.path" value="C:\Program Files (x86)\Java\jdk1.8.0_191\jre\bin;C:\WINDOWS\Sun\Java\bin;C:\WINDOWS\system32;C:\WINDOWS;C:/Program Files/Java/jre1.8.0_181/bin/server;C:/Program Files/Java/jre1.8.0_181/bin;C:/Program Files/Java/jre1.8.0_181/lib/amd64;C:\Program Files (x86)\Common Files\Oracle\Java\javapath;C:\Program Files\Teradata\Client\16.20\bin;C:\Program Files (x86)\Teradata\Client\16.20\bin;\pp2;C:\Program Files (x86)\NCR\Teradata Client\Bin;C:\Program Files (x86)\NCR\Common Files\Shared ICU Libraries for Teradata\lib;C:\ProgramData\Oracle\Java\javapath;C:\Oracle11G\bin;C:\WINDOWS\system32;C:\WINDOWS;C:\WINDOWS\System32\Wbem;C:\WINDOWS\System32\WindowsPowerShell\v1.0\;C:\WINDOWS\System32\OpenSSH\;C:\Program Files (x86)\Attachmate\EXTRA!\;C:\Program Files (x86)\Common Files\NCR\AXSMOD\;C:\jdk\jre\bin;C:\jdk\jre\bin\server;C:\Program Files (x86)\SQLLIB\BIN;C:\Program Files (x86)\SQLLIB\HELP;C:\Program Files (x86)\Attachmate\RSecure\;C:\PROGRA~2\IBM\CLIENT~1;C:\PROGRA~2\IBM\CLIENT~1\Shared;C:\PROGRA~2\IBM\CLIENT~1\Emulator;C:\PROGRA~2\IBM\SQLLIB\BIN;C:\PROGRA~2\IBM\SQLLIB\FUNCTION;C:\PROGRA~2\IBM\SQLLIB\SAMPLES\REPL;C:\Users\kth416\AppData\Local\Microsoft\WindowsApps;;C:\Users\kth416\Desktop;;."/>
    <property name="java.vm.info" value="mixed mode, sharing"/>
    <property name="java.vendor" value="Oracle Corporation"/>
    <property name="java.vm.version" value="25.191-b12"/>
    <property name="java.ext.dirs" value="C:\Program Files (x86)\Java\jdk1.8.0_191\jre\lib\ext;C:\WINDOWS\Sun\Java\lib\ext"/>
    <property name="sun.io.unicode.encoding" value="UnicodeLittle"/>
    <property name="java.class.version" value="52.0"/>
  </properties>
  <testcase name="testPassRegistrationValidation" classname="functional.junit.RegistrationTests" time="2.793"/>
  <testcase name="testFailRegistrationValidation" classname="functional.junit.RegistrationTests" time="2.009"/>
</testsuite>